# ç»Ÿä¸€è¯Šæ–­æ—¥å¿— - 2025-12-29 13:19:49


[0;32m======================================================================
  ç»Ÿä¸€è¯Šæ–­å·¥å…· v2.1 - ç³»ç»Ÿè°ƒä¼˜æ¨¡å¼
======================================================================[0m

[0;34mé˜¶æ®µ1: è¯é¢˜ç›‘æ§ (300.0ç§’)[0m

  [0;32m[OK][0m è®¢é˜… /odom
  [0;32m[OK][0m è®¢é˜… /imu
  [0;32m[OK][0m è®¢é˜… /nn/local_trajectory

  æ”¶é›†æ•°æ® 300.0 ç§’...

[0;34mé˜¶æ®µ4: è®¡ç®—æ¨èé…ç½®[0m


[0;34m======================================================================
  è¯Šæ–­ç»“æœ
======================================================================[0m

[0;36mä¼ æ„Ÿå™¨çŠ¶æ€:[0m
  [0;32m[OK][0m odom: 49.9 Hz, å»¶è¿Ÿ: 0.3ms, æŠ–åŠ¨: 0.6ms
  [0;31m[NO DATA][0m imu: 0.0 Hz, å»¶è¿Ÿ: 0.0ms, æŠ–åŠ¨: 0.0ms
  [0;32m[OK][0m trajectory: 10.1 Hz, å»¶è¿Ÿ: 0.2ms, æŠ–åŠ¨: 3.9ms

[0;36mè½¨è¿¹ç‰¹æ€§:[0m
  ç‚¹æ•°: 8
  æ—¶é—´æ­¥é•¿: 0.10000000149011612 sec
  åŒ…å«é€Ÿåº¦: å¦
  åæ ‡ç³»: base_footprint
  é•¿åº¦: 7.64 m
  æœ€å¤§æ›²ç‡: 0.06 1/m

[0;36måº•ç›˜ç‰¹æ€§ (ä»é‡Œç¨‹è®¡):[0m
  æœ€å¤§é€Ÿåº¦: 0.00 m/s
  æœ€å¤§vx: 0.00 m/s
  æœ€å¤§wz: 0.00 rad/s
  æœ€å¤§åŠ é€Ÿåº¦: 0.00 m/s^2
  æœ€å¤§è§’åŠ é€Ÿåº¦: 0.00 rad/s^2

[0;36mæ¨èå‚æ•°:[0m
  æ§åˆ¶é¢‘ç‡: 20 Hz
  MPC horizon: 7
  MPC dt: 0.10000000149011612 sec
  v_max: 0.5 m/s
  omega_max: 1.0 rad/s
  a_max: 0.5 m/s^2
  Odom timeout: 60 ms
  Traj timeout: 197 ms
  Lookahead: 0.5 m

[0;36mä¼˜åŒ–å»ºè®®:[0m
  [1;33m[WARN][0m é‡Œç¨‹è®¡é¢‘ç‡è¾ƒä½ï¼Œæ§åˆ¶é¢‘ç‡å—é™
  [1;33m[WARN][0m è½¨è¿¹æ— é€Ÿåº¦ä¿¡æ¯ï¼Œalphaæ£€æŸ¥ç¦ç”¨

[0;34mç”Ÿæˆé…ç½®æ–‡ä»¶: /home/oamr/first_deployment_config.yaml[0m
  [0;32m[OK][0m é…ç½®å·²ä¿å­˜åˆ°: /home/oamr/first_deployment_config.yaml

[0;36mä½¿ç”¨æ–¹æ³•:[0m
  roslaunch controller_ros controller.launch config:=$(pwd)//home/oamr/first_deployment_config.yaml
